[2012-07-31 11:28:28] request.ERROR: Symfony\Component\HttpKernel\Exception\NotFoundHttpException: No route found for "GET /" (uncaught exception) at C:\wamp\www\Run4Fun\vendor\symfony\src\Symfony\Bundle\FrameworkBundle\EventListener\RouterListener.php line 83 [] []
[2012-08-01 10:06:36] request.ERROR: Symfony\Component\HttpKernel\Exception\NotFoundHttpException: No route found for "GET /" (uncaught exception) at C:\wamp\www\Run4Fun\vendor\symfony\src\Symfony\Bundle\FrameworkBundle\EventListener\RouterListener.php line 83 [] []
[2012-08-08 13:22:36] request.ERROR: Symfony\Component\HttpKernel\Exception\NotFoundHttpException: No route found for "GET /" (uncaught exception) at C:\wamp\www\Run4Fun\app\cache\prod\classes.php line 4584 [] []
[2012-08-10 21:05:06] request.ERROR: Symfony\Component\HttpKernel\Exception\NotFoundHttpException: No route found for "GET /register" (uncaught exception) at C:\wamp\www\Run4Fun\app\cache\prod\classes.php line 4584 [] []
[2012-08-13 08:53:48] request.ERROR: Symfony\Component\HttpKernel\Exception\NotFoundHttpException: No route found for "GET /" (uncaught exception) at C:\wamp\www\Run4Fun\app\cache\prod\classes.php line 4584 [] []
[2012-08-16 09:53:20] request.ERROR: Symfony\Component\HttpKernel\Exception\NotFoundHttpException: No route found for "GET /" (uncaught exception) at C:\wamp\www\Run4Fun\app\cache\prod\classes.php line 4584 [] []
[2012-08-20 14:53:34] request.ERROR: Symfony\Component\HttpKernel\Exception\NotFoundHttpException: No route found for "GET /bundles/r4fcourse/css/style.css" (uncaught exception) at C:\wamp\www\Run4Fun\app\cache\prod\classes.php line 4584 [] []
[2012-08-20 14:54:00] request.ERROR: Symfony\Component\HttpKernel\Exception\NotFoundHttpException: No route found for "GET /bundles/r4fcourse/css/style.css" (uncaught exception) at C:\wamp\www\Run4Fun\app\cache\prod\classes.php line 4584 [] []
[2012-08-20 15:24:32] request.ERROR: Symfony\Component\HttpKernel\Exception\NotFoundHttpException: No route found for "GET /courses/2/message/new" (uncaught exception) at C:\wamp\www\Run4Fun\app\cache\prod\classes.php line 4584 [] []
[2012-08-20 15:30:54] request.ERROR: Symfony\Component\HttpKernel\Exception\NotFoundHttpException: No route found for "GET /courses/2/message/new" (uncaught exception) at C:\wamp\www\Run4Fun\app\cache\prod\classes.php line 4584 [] []
[2012-08-20 21:17:23] request.ERROR: Symfony\Component\HttpKernel\Exception\NotFoundHttpException: No route found for "GET /bootstrap/css/web/images/run_icon.gif" (uncaught exception) at C:\wamp\www\Run4Fun\app\cache\prod\classes.php line 4584 [] []
[2012-08-20 21:17:29] request.ERROR: Symfony\Component\HttpKernel\Exception\NotFoundHttpException: No route found for "GET /bootstrap/css/web/images/run_icon.gif" (uncaught exception) at C:\wamp\www\Run4Fun\app\cache\prod\classes.php line 4584 [] []
[2012-08-20 21:18:33] request.ERROR: Symfony\Component\HttpKernel\Exception\NotFoundHttpException: No route found for "GET /bootstrap/css/web/images/run_icon.gif" (uncaught exception) at C:\wamp\www\Run4Fun\app\cache\prod\classes.php line 4584 [] []
[2012-08-23 13:29:49] request.CRITICAL: ReflectionException: Class r4f\UserBundle\Entity\User does not exist (uncaught exception) at C:\wamp\www\Run4Fun\vendor\doctrine\lib\Doctrine\ORM\Mapping\ClassMetadata.php line 66 [] []
[2012-08-23 13:29:49] request.CRITICAL: Exception thrown when handling an exception (ReflectionException: Class r4f\UserBundle\Entity\User does not exist) [] []
[2012-08-24 10:00:09] security.DEBUG: Read SecurityContext from the session [] []
[2012-08-24 10:00:09] security.DEBUG: Reloading user from user provider. [] []
[2012-08-24 10:00:09] security.DEBUG: Username "user4" was reloaded from user provider. [] []
[2012-08-24 10:00:09] request.ERROR: Symfony\Component\HttpKernel\Exception\NotFoundHttpException: No route found for "GET /bundles/r4fsite/css/style.css" (uncaught exception) at C:\wamp\www\Run4Fun\vendor\symfony\src\Symfony\Bundle\FrameworkBundle\EventListener\RouterListener.php line 83 [] []
[2012-08-24 10:00:10] security.DEBUG: Write SecurityContext in the session [] []
[2012-08-24 10:00:23] security.DEBUG: Read SecurityContext from the session [] []
[2012-08-24 10:00:23] security.DEBUG: Reloading user from user provider. [] []
[2012-08-24 10:00:23] security.DEBUG: Username "user4" was reloaded from user provider. [] []
[2012-08-24 10:00:23] request.INFO: Matched route "r4f_runner_user_index" (parameters: "_controller": "r4f\RunnerBundle\Controller\UserController::indexAction", "_route": "r4f_runner_user_index") [] []
[2012-08-24 10:00:23] request.CRITICAL: Twig_Error_Runtime: An exception has been thrown during the rendering of a template ("Route "select_user" does not exist.") in "::base.html.twig" at line 8. (uncaught exception) at C:\wamp\www\Run4Fun\app\cache\prod\classes.php line 8295 [] []
[2012-08-24 10:00:23] security.DEBUG: Write SecurityContext in the session [] []
[2012-08-24 10:11:00] security.DEBUG: Read SecurityContext from the session [] []
[2012-08-24 10:11:00] security.DEBUG: Reloading user from user provider. [] []
[2012-08-24 10:11:00] security.DEBUG: Username "user4" was reloaded from user provider. [] []
[2012-08-24 10:11:00] request.ERROR: Symfony\Component\HttpKernel\Exception\NotFoundHttpException: No route found for "GET /bundles/r4fsite/css/style.css" (uncaught exception) at C:\wamp\www\Run4Fun\app\cache\prod\classes.php line 4584 [] []
[2012-08-24 10:11:00] security.DEBUG: Write SecurityContext in the session [] []
[2012-08-24 10:11:11] security.DEBUG: Read SecurityContext from the session [] []
[2012-08-24 10:11:11] security.DEBUG: Reloading user from user provider. [] []
[2012-08-24 10:11:11] security.DEBUG: Username "user4" was reloaded from user provider. [] []
[2012-08-24 10:11:11] request.ERROR: Symfony\Component\HttpKernel\Exception\NotFoundHttpException: No route found for "GET /bundles/r4fsite/css/style.css" (uncaught exception) at C:\wamp\www\Run4Fun\app\cache\prod\classes.php line 4584 [] []
[2012-08-24 10:11:11] security.DEBUG: Write SecurityContext in the session [] []
[2012-08-24 10:12:05] security.DEBUG: Read SecurityContext from the session [] []
[2012-08-24 10:12:05] security.DEBUG: Reloading user from user provider. [] []
[2012-08-24 10:12:05] security.DEBUG: Username "user4" was reloaded from user provider. [] []
[2012-08-24 10:12:05] request.ERROR: Symfony\Component\HttpKernel\Exception\NotFoundHttpException: No route found for "GET /bundles/r4fsite/css/style.css" (uncaught exception) at C:\wamp\www\Run4Fun\app\cache\prod\classes.php line 4584 [] []
[2012-08-24 10:12:05] security.DEBUG: Write SecurityContext in the session [] []
[2012-08-24 10:15:27] security.DEBUG: Read SecurityContext from the session [] []
[2012-08-24 10:15:27] security.DEBUG: Reloading user from user provider. [] []
[2012-08-24 10:15:27] security.DEBUG: Username "user4" was reloaded from user provider. [] []
[2012-08-24 10:15:27] request.ERROR: Symfony\Component\HttpKernel\Exception\NotFoundHttpException: No route found for "GET /bundles/r4fsite/css/style.css" (uncaught exception) at C:\wamp\www\Run4Fun\app\cache\prod\classes.php line 4584 [] []
[2012-08-24 10:15:27] security.DEBUG: Write SecurityContext in the session [] []
[2012-08-24 10:15:32] security.DEBUG: Read SecurityContext from the session [] []
[2012-08-24 10:15:32] security.DEBUG: Reloading user from user provider. [] []
[2012-08-24 10:15:32] security.DEBUG: Username "user4" was reloaded from user provider. [] []
[2012-08-24 10:15:32] request.ERROR: Symfony\Component\HttpKernel\Exception\NotFoundHttpException: No route found for "GET /bundles/r4fsite/css/style.css" (uncaught exception) at C:\wamp\www\Run4Fun\app\cache\prod\classes.php line 4584 [] []
[2012-08-24 10:15:32] security.DEBUG: Write SecurityContext in the session [] []
[2012-08-24 10:17:29] security.DEBUG: Read SecurityContext from the session [] []
[2012-08-24 10:17:29] security.DEBUG: Reloading user from user provider. [] []
[2012-08-24 10:17:29] security.DEBUG: Username "user4" was reloaded from user provider. [] []
[2012-08-24 10:17:29] request.ERROR: Symfony\Component\HttpKernel\Exception\NotFoundHttpException: No route found for "GET /bundles/r4fsite/css/style.css" (uncaught exception) at C:\wamp\www\Run4Fun\app\cache\prod\classes.php line 4584 [] []
[2012-08-24 10:17:29] security.DEBUG: Write SecurityContext in the session [] []
[2012-08-24 10:17:33] security.DEBUG: Read SecurityContext from the session [] []
[2012-08-24 10:17:33] security.DEBUG: Reloading user from user provider. [] []
[2012-08-24 10:17:33] security.DEBUG: Username "user4" was reloaded from user provider. [] []
[2012-08-24 10:17:33] request.ERROR: Symfony\Component\HttpKernel\Exception\NotFoundHttpException: No route found for "GET /bundles/r4fsite/css/style.css" (uncaught exception) at C:\wamp\www\Run4Fun\app\cache\prod\classes.php line 4584 [] []
[2012-08-24 10:17:33] security.DEBUG: Write SecurityContext in the session [] []
[2012-08-24 10:24:12] security.DEBUG: Read SecurityContext from the session [] []
[2012-08-24 10:24:12] security.DEBUG: Reloading user from user provider. [] []
[2012-08-24 10:24:12] security.DEBUG: Username "user4" was reloaded from user provider. [] []
[2012-08-24 10:24:12] request.ERROR: Symfony\Component\HttpKernel\Exception\NotFoundHttpException: No route found for "GET /bundles/r4fsite/css/style.css" (uncaught exception) at C:\wamp\www\Run4Fun\app\cache\prod\classes.php line 4584 [] []
[2012-08-24 10:24:12] security.DEBUG: Write SecurityContext in the session [] []
